10-25-2014 20:18:22 | Continuing debug file on F:\3DScanner\答辩演示\程序-标识点-Scan3DLibrary\Procedure.log
10-25-2014 20:18:22 | ――――――――――――――S T A R T ――――――――――――――
10-25-2014 20:18:22 | TEXTURE MANAGER : Format of alpha texture changed to 21.
10-25-2014 20:18:22 | TEXTURE MANAGER : Format of non-alpha texture changed to 22.
10-25-2014 20:18:25 | TEXTURE MANAGER : Loading of 'F:\3DScanner\答辩演示\程序-标识点-Scan3DLibrary\Group\0010.png' successful '1' on index 2 
10-25-2014 20:18:25 | TEXTURE MANAGER : Loading of 'F:\3DScanner\答辩演示\程序-标识点-Scan3DLibrary\Group\0011.png' successful '2' on index 3 
10-25-2014 20:18:25 | TEXTURE MANAGER : Loading of 'F:\3DScanner\答辩演示\程序-标识点-Scan3DLibrary\Group\0012.png' successful '3' on index 4 
10-25-2014 20:18:25 | TEXTURE MANAGER : Loading of 'F:\3DScanner\答辩演示\程序-标识点-Scan3DLibrary\Group\0013.png' successful '4' on index 5 
10-25-2014 20:18:25 | TEXTURE MANAGER : Loading of 'F:\3DScanner\答辩演示\程序-标识点-Scan3DLibrary\Group\0014.png' successful '5' on index 6 
10-25-2014 20:18:25 | TEXTURE MANAGER : Loading of 'F:\3DScanner\答辩演示\程序-标识点-Scan3DLibrary\Group\0015.png' successful '6' on index 7 
10-25-2014 20:18:26 | TEXTURE MANAGER : Loading of 'F:\3DScanner\答辩演示\程序-标识点-Scan3DLibrary\Group\0016.png' successful '7' on index 8 
10-25-2014 20:18:26 | TEXTURE MANAGER : Loading of 'F:\3DScanner\答辩演示\程序-标识点-Scan3DLibrary\Group\0017.png' successful '8' on index 9 
10-25-2014 20:18:26 | TEXTURE MANAGER : Loading of 'F:\3DScanner\答辩演示\程序-标识点-Scan3DLibrary\Group\0018.png' successful '9' on index 10 
10-25-2014 20:18:26 | TEXTURE MANAGER : Loading of 'F:\3DScanner\答辩演示\程序-标识点-Scan3DLibrary\Group\0019.png' successful '10' on index 11 
10-25-2014 20:18:26 | TEXTURE MANAGER : Loading of 'F:\3DScanner\答辩演示\程序-标识点-Scan3DLibrary\Group\0020.png' successful '11' on index 12 
10-25-2014 20:18:26 | TEXTURE MANAGER : Loading of 'F:\3DScanner\答辩演示\程序-标识点-Scan3DLibrary\Group\0021.png' successful '12' on index 13 
10-25-2014 20:18:26 | TEXTURE MANAGER : Loading of 'F:\3DScanner\答辩演示\程序-标识点-Scan3DLibrary\Group\0022.png' successful '13' on index 14 
10-25-2014 20:18:26 | TEXTURE MANAGER : Loading of 'F:\3DScanner\答辩演示\程序-标识点-Scan3DLibrary\Group\0023.png' successful '14' on index 15 
10-25-2014 20:18:26 | TEXTURE MANAGER : Loading of 'F:\3DScanner\答辩演示\程序-标识点-Scan3DLibrary\Group\0024.png' successful '15' on index 16 
10-25-2014 20:18:27 | TEXTURE MANAGER : Loading of 'F:\3DScanner\答辩演示\程序-标识点-Scan3DLibrary\Group\0025.png' successful '16' on index 17 
10-25-2014 20:18:27 | TEXTURE MANAGER : Loading of 'F:\3DScanner\答辩演示\程序-标识点-Scan3DLibrary\Group\0026.png' successful '17' on index 18 
10-25-2014 20:18:27 | TEXTURE MANAGER : Loading of 'F:\3DScanner\答辩演示\程序-标识点-Scan3DLibrary\Group\0027.png' successful '18' on index 19 
10-25-2014 20:18:27 | TEXTURE MANAGER : Loading of 'F:\3DScanner\答辩演示\程序-标识点-Scan3DLibrary\Group\0028.png' successful '19' on index 20 
10-25-2014 20:18:27 | TEXTURE MANAGER : Loading of 'F:\3DScanner\答辩演示\程序-标识点-Scan3DLibrary\Group\0029.png' successful '20' on index 21 
10-25-2014 20:18:27 | TEXTURE MANAGER : Loading of 'F:\3DScanner\答辩演示\程序-标识点-Scan3DLibrary\Group\0030.png' successful '21' on index 22 
10-25-2014 20:18:27 | TEXTURE MANAGER : Loading of 'F:\3DScanner\答辩演示\程序-标识点-Scan3DLibrary\Group\0031.png' successful '22' on index 23 
10-25-2014 20:18:27 | TEXTURE MANAGER : Loading of 'F:\3DScanner\答辩演示\程序-标识点-Scan3DLibrary\Group\0032.png' successful '23' on index 24 
10-25-2014 20:18:27 | TEXTURE MANAGER : Loading of 'F:\3DScanner\答辩演示\程序-标识点-Scan3DLibrary\Group\0033.png' successful '24' on index 25 
10-25-2014 20:18:28 | TEXTURE MANAGER : Loading of 'F:\3DScanner\答辩演示\程序-标识点-Scan3DLibrary\Group\0034.png' successful '25' on index 26 
10-25-2014 20:18:28 | TEXTURE MANAGER : Loading of 'F:\3DScanner\答辩演示\程序-标识点-Scan3DLibrary\Group\0035.png' successful '26' on index 27 
10-25-2014 20:18:28 | TEXTURE MANAGER : Loading of 'F:\3DScanner\答辩演示\程序-标识点-Scan3DLibrary\Group\0036.png' successful '27' on index 28 
10-25-2014 20:18:28 | TEXTURE MANAGER : Loading of 'F:\3DScanner\答辩演示\程序-标识点-Scan3DLibrary\Group\0037.png' successful '28' on index 29 
10-25-2014 20:18:28 | TEXTURE MANAGER : Loading of 'F:\3DScanner\答辩演示\程序-标识点-Scan3DLibrary\Group\0038.png' successful '29' on index 30 
10-25-2014 20:18:28 | TEXTURE MANAGER : Loading of 'F:\3DScanner\答辩演示\程序-标识点-Scan3DLibrary\Group\0039.png' successful '30' on index 31 
10-25-2014 20:18:28 | TEXTURE MANAGER : Loading of 'F:\3DScanner\答辩演示\程序-标识点-Scan3DLibrary\Group\0040.png' successful '31' on index 32 
10-25-2014 20:18:28 | TEXTURE MANAGER : Loading of 'F:\3DScanner\答辩演示\程序-标识点-Scan3DLibrary\Group\0041.png' successful '32' on index 33 
10-25-2014 20:18:28 | TEXTURE MANAGER : Loading of 'F:\3DScanner\答辩演示\程序-标识点-Scan3DLibrary\Group\0042.png' successful '33' on index 34 
10-25-2014 20:18:29 | TEXTURE MANAGER : Loading of 'F:\3DScanner\答辩演示\程序-标识点-Scan3DLibrary\Group\0043.png' successful '34' on index 35 
10-25-2014 20:18:29 | TEXTURE MANAGER : Loading of 'F:\3DScanner\答辩演示\程序-标识点-Scan3DLibrary\Group\0044.png' successful '35' on index 36 
10-25-2014 20:18:29 | TEXTURE MANAGER : Loading of 'F:\3DScanner\答辩演示\程序-标识点-Scan3DLibrary\Group\0045.png' successful '36' on index 37 
10-25-2014 20:18:29 | TEXTURE MANAGER : Loading of 'F:\3DScanner\答辩演示\程序-标识点-Scan3DLibrary\Group\0046.png' successful '37' on index 38 
10-25-2014 20:18:29 | TEXTURE MANAGER : Loading of 'F:\3DScanner\答辩演示\程序-标识点-Scan3DLibrary\Group\0047.png' successful '38' on index 39 
10-25-2014 20:18:29 | TEXTURE MANAGER : Loading of 'F:\3DScanner\答辩演示\程序-标识点-Scan3DLibrary\Group\0048.png' successful '39' on index 40 
10-25-2014 20:18:29 | TEXTURE MANAGER : Loading of 'F:\3DScanner\答辩演示\程序-标识点-Scan3DLibrary\Group\0049.png' successful '40' on index 41 
10-25-2014 20:18:29 | TEXTURE MANAGER : Loading of 'F:\3DScanner\答辩演示\程序-标识点-Scan3DLibrary\Group\0050.png' successful '41' on index 42 
10-25-2014 20:18:30 | TEXTURE MANAGER : Loading of 'F:\3DScanner\答辩演示\程序-标识点-Scan3DLibrary\Group\0051.png' successful '42' on index 43 
10-25-2014 20:18:30 | TEXTURE MANAGER : Loading of 'F:\3DScanner\答辩演示\程序-标识点-Scan3DLibrary\Group\0052.png' successful '43' on index 44 
10-25-2014 20:18:30 | TEXTURE MANAGER : Loading of 'F:\3DScanner\答辩演示\程序-标识点-Scan3DLibrary\Group\0053.png' successful '44' on index 45 
10-25-2014 20:18:30 | TEXTURE MANAGER : Loading of 'F:\3DScanner\答辩演示\程序-标识点-Scan3DLibrary\Group\0054.png' successful '45' on index 46 
10-25-2014 20:18:30 | TEXTURE MANAGER : Loading of 'F:\3DScanner\答辩演示\程序-标识点-Scan3DLibrary\Group\0055.png' successful '46' on index 47 
10-25-2014 20:18:30 | TEXTURE MANAGER : Loading of 'F:\3DScanner\答辩演示\程序-标识点-Scan3DLibrary\Group\0056.png' successful '47' on index 48 
10-25-2014 20:18:30 | TEXTURE MANAGER : Loading of 'F:\3DScanner\答辩演示\程序-标识点-Scan3DLibrary\Group\0057.png' successful '48' on index 49 
10-25-2014 20:18:30 | TEXTURE MANAGER : Loading of 'F:\3DScanner\答辩演示\程序-标识点-Scan3DLibrary\Group\0058.png' successful '49' on index 50 
10-25-2014 20:18:30 | TEXTURE MANAGER : Loading of 'F:\3DScanner\答辩演示\程序-标识点-Scan3DLibrary\Group\0059.png' successful '50' on index 51 
10-25-2014 20:18:31 | TEXTURE MANAGER : Loading of 'F:\3DScanner\答辩演示\程序-标识点-Scan3DLibrary\Group\0060.png' successful '51' on index 52 
10-25-2014 20:18:31 | TEXTURE MANAGER : Loading of 'F:\3DScanner\答辩演示\程序-标识点-Scan3DLibrary\Group\0061.png' successful '52' on index 53 
10-25-2014 20:18:31 | TEXTURE MANAGER : Loading of 'F:\3DScanner\答辩演示\程序-标识点-Scan3DLibrary\Group\0062.png' successful '53' on index 54 
10-25-2014 20:18:31 | TEXTURE MANAGER : Loading of 'F:\3DScanner\答辩演示\程序-标识点-Scan3DLibrary\Group\0063.png' successful '54' on index 55 
10-25-2014 20:18:31 | TEXTURE MANAGER : Loading of 'F:\3DScanner\答辩演示\程序-标识点-Scan3DLibrary\Group\0064.png' successful '55' on index 56 
10-25-2014 20:18:31 | TEXTURE MANAGER : Loading of 'F:\3DScanner\答辩演示\程序-标识点-Scan3DLibrary\Group\0065.png' successful '56' on index 57 
10-25-2014 20:18:31 | TEXTURE MANAGER : Loading of 'F:\3DScanner\答辩演示\程序-标识点-Scan3DLibrary\Group\0066.png' successful '57' on index 58 
10-25-2014 20:18:31 | TEXTURE MANAGER : Loading of 'F:\3DScanner\答辩演示\程序-标识点-Scan3DLibrary\Group\0067.png' successful '58' on index 59 
10-25-2014 20:18:32 | TEXTURE MANAGER : Loading of 'F:\3DScanner\答辩演示\程序-标识点-Scan3DLibrary\Group\0068.png' successful '59' on index 60 
10-25-2014 20:18:32 | TEXTURE MANAGER : Loading of 'F:\3DScanner\答辩演示\程序-标识点-Scan3DLibrary\Group\0069.png' successful '60' on index 61 
10-25-2014 20:18:32 | TEXTURE MANAGER : Loading of 'F:\3DScanner\答辩演示\程序-标识点-Scan3DLibrary\Group\0070.png' successful '61' on index 62 
10-25-2014 20:18:32 | TEXTURE MANAGER : Loading of 'F:\3DScanner\答辩演示\程序-标识点-Scan3DLibrary\Group\0071.png' successful '62' on index 63 
10-25-2014 20:18:32 | TEXTURE MANAGER : Loading of 'F:\3DScanner\答辩演示\程序-标识点-Scan3DLibrary\Group\0072.png' successful '63' on index 64 
10-25-2014 20:18:32 | TEXTURE MANAGER : Loading of 'F:\3DScanner\答辩演示\程序-标识点-Scan3DLibrary\Group\0073.png' successful '64' on index 65 
10-25-2014 20:18:32 | TEXTURE MANAGER : Loading of 'F:\3DScanner\答辩演示\程序-标识点-Scan3DLibrary\Group\0074.png' successful '65' on index 66 
10-25-2014 20:18:32 | TEXTURE MANAGER : Loading of 'F:\3DScanner\答辩演示\程序-标识点-Scan3DLibrary\Group\0075.png' successful '66' on index 67 
10-25-2014 20:18:32 | TEXTURE MANAGER : Loading of 'F:\3DScanner\答辩演示\程序-标识点-Scan3DLibrary\Group\0076.png' successful '67' on index 68 
10-25-2014 20:18:33 | TEXTURE MANAGER : Loading of 'F:\3DScanner\答辩演示\程序-标识点-Scan3DLibrary\Group\0077.png' successful '68' on index 69 
10-25-2014 20:18:33 | TEXTURE MANAGER : Loading of 'F:\3DScanner\答辩演示\程序-标识点-Scan3DLibrary\Group\0078.png' successful '69' on index 70 
10-25-2014 20:18:33 | TEXTURE MANAGER : Loading of 'F:\3DScanner\答辩演示\程序-标识点-Scan3DLibrary\Group\0079.png' successful '70' on index 71 
10-25-2014 20:18:33 | TEXTURE MANAGER : Loading of 'F:\3DScanner\答辩演示\程序-标识点-Scan3DLibrary\Group\0080.png' successful '71' on index 72 
10-25-2014 20:18:33 | TEXTURE MANAGER : Loading of 'F:\3DScanner\答辩演示\程序-标识点-Scan3DLibrary\Group\0081.png' successful '72' on index 73 
10-25-2014 20:18:33 | TEXTURE MANAGER : Loading of 'F:\3DScanner\答辩演示\程序-标识点-Scan3DLibrary\Group\0082.png' successful '73' on index 74 
10-25-2014 20:18:33 | TEXTURE MANAGER : Loading of 'F:\3DScanner\答辩演示\程序-标识点-Scan3DLibrary\Group\0083.png' successful '74' on index 75 
10-25-2014 20:18:33 | TEXTURE MANAGER : Loading of 'F:\3DScanner\答辩演示\程序-标识点-Scan3DLibrary\Group\0084.png' successful '75' on index 76 
10-25-2014 20:18:33 | TEXTURE MANAGER : Loading of 'F:\3DScanner\答辩演示\程序-标识点-Scan3DLibrary\Group\0085.png' successful '76' on index 77 
10-25-2014 20:18:34 | TEXTURE MANAGER : Loading of 'F:\3DScanner\答辩演示\程序-标识点-Scan3DLibrary\Group\0086.png' successful '77' on index 78 
10-25-2014 20:18:34 | TEXTURE MANAGER : Loading of 'F:\3DScanner\答辩演示\程序-标识点-Scan3DLibrary\Group\0087.png' successful '78' on index 79 
10-25-2014 20:18:34 | TEXTURE MANAGER : Loading of 'F:\3DScanner\答辩演示\程序-标识点-Scan3DLibrary\Group\0088.png' successful '79' on index 80 
10-25-2014 20:18:34 | TEXTURE MANAGER : Loading of 'F:\3DScanner\答辩演示\程序-标识点-Scan3DLibrary\Group\0089.png' successful '80' on index 81 
10-25-2014 20:18:34 | TEXTURE MANAGER : Loading of 'F:\3DScanner\答辩演示\程序-标识点-Scan3DLibrary\Group\0090.png' successful '81' on index 82 
10-25-2014 20:18:34 | TEXTURE MANAGER : Loading of 'F:\3DScanner\答辩演示\程序-标识点-Scan3DLibrary\Group\0091.png' successful '82' on index 83 
10-25-2014 20:18:34 | TEXTURE MANAGER : Loading of 'F:\3DScanner\答辩演示\程序-标识点-Scan3DLibrary\Group\0092.png' successful '83' on index 84 
10-25-2014 20:18:34 | TEXTURE MANAGER : Loading of 'F:\3DScanner\答辩演示\程序-标识点-Scan3DLibrary\Group\0093.png' successful '84' on index 85 
10-25-2014 20:18:35 | TEXTURE MANAGER : Loading of 'F:\3DScanner\答辩演示\程序-标识点-Scan3DLibrary\Group\0094.png' successful '85' on index 86 
10-25-2014 20:18:35 | TEXTURE MANAGER : Loading of 'F:\3DScanner\答辩演示\程序-标识点-Scan3DLibrary\Group\0095.png' successful '86' on index 87 
10-25-2014 20:18:35 | TEXTURE MANAGER : Loading of 'F:\3DScanner\答辩演示\程序-标识点-Scan3DLibrary\Group\0096.png' successful '87' on index 88 
10-25-2014 20:18:35 | TEXTURE MANAGER : Loading of 'F:\3DScanner\答辩演示\程序-标识点-Scan3DLibrary\Group\0097.png' successful '88' on index 89 
10-25-2014 20:18:35 | TEXTURE MANAGER : Loading of 'F:\3DScanner\答辩演示\程序-标识点-Scan3DLibrary\Group\0098.png' successful '89' on index 90 
10-25-2014 20:18:35 | TEXTURE MANAGER : Loading of 'F:\3DScanner\答辩演示\程序-标识点-Scan3DLibrary\Group\0099.png' successful '90' on index 91 
10-25-2014 20:18:35 | MESH MANAGER : WeldVertices : you can not use WeldVertices on an empty mesh or an invalid mesh !
10-25-2014 20:18:40 | START UNLOAD
10-25-2014 20:18:40 | RESOURCE MANAGER : Engine successfully unloaded
10-29-2014 22:39:55 | Continuing debug file on F:\3DScanner\答辩演示\程序-标识点-Scan3DLibrary\Procedure.log
10-29-2014 22:39:55 | ――――――――――――――S T A R T ――――――――――――――
10-29-2014 22:39:55 | TEXTURE MANAGER : Format of alpha texture changed to 21.
10-29-2014 22:39:55 | TEXTURE MANAGER : Format of non-alpha texture changed to 22.
10-29-2014 22:41:25 | TEXTURE MANAGER : Loading of 'F:\3DScanner\答辩演示\程序-标识点-Scan3DLibrary\Group\0010.png' successful '1' on index 2 
10-29-2014 22:41:25 | TEXTURE MANAGER : Loading of 'F:\3DScanner\答辩演示\程序-标识点-Scan3DLibrary\Group\0011.png' successful '2' on index 3 
10-29-2014 22:41:25 | TEXTURE MANAGER : Loading of 'F:\3DScanner\答辩演示\程序-标识点-Scan3DLibrary\Group\0012.png' successful '3' on index 4 
10-29-2014 22:41:25 | TEXTURE MANAGER : Loading of 'F:\3DScanner\答辩演示\程序-标识点-Scan3DLibrary\Group\0013.png' successful '4' on index 5 
10-29-2014 22:41:25 | TEXTURE MANAGER : Loading of 'F:\3DScanner\答辩演示\程序-标识点-Scan3DLibrary\Group\0014.png' successful '5' on index 6 
10-29-2014 22:41:25 | TEXTURE MANAGER : Loading of 'F:\3DScanner\答辩演示\程序-标识点-Scan3DLibrary\Group\0015.png' successful '6' on index 7 
10-29-2014 22:41:26 | TEXTURE MANAGER : Loading of 'F:\3DScanner\答辩演示\程序-标识点-Scan3DLibrary\Group\0016.png' successful '7' on index 8 
10-29-2014 22:41:26 | TEXTURE MANAGER : Loading of 'F:\3DScanner\答辩演示\程序-标识点-Scan3DLibrary\Group\0017.png' successful '8' on index 9 
10-29-2014 22:41:26 | TEXTURE MANAGER : Loading of 'F:\3DScanner\答辩演示\程序-标识点-Scan3DLibrary\Group\0018.png' successful '9' on index 10 
10-29-2014 22:41:26 | TEXTURE MANAGER : Loading of 'F:\3DScanner\答辩演示\程序-标识点-Scan3DLibrary\Group\0019.png' successful '10' on index 11 
10-29-2014 22:41:26 | TEXTURE MANAGER : Loading of 'F:\3DScanner\答辩演示\程序-标识点-Scan3DLibrary\Group\0020.png' successful '11' on index 12 
10-29-2014 22:41:26 | TEXTURE MANAGER : Loading of 'F:\3DScanner\答辩演示\程序-标识点-Scan3DLibrary\Group\0021.png' successful '12' on index 13 
10-29-2014 22:41:26 | TEXTURE MANAGER : Loading of 'F:\3DScanner\答辩演示\程序-标识点-Scan3DLibrary\Group\0022.png' successful '13' on index 14 
10-29-2014 22:41:27 | TEXTURE MANAGER : Loading of 'F:\3DScanner\答辩演示\程序-标识点-Scan3DLibrary\Group\0023.png' successful '14' on index 15 
10-29-2014 22:41:27 | TEXTURE MANAGER : Loading of 'F:\3DScanner\答辩演示\程序-标识点-Scan3DLibrary\Group\0024.png' successful '15' on index 16 
10-29-2014 22:41:27 | TEXTURE MANAGER : Loading of 'F:\3DScanner\答辩演示\程序-标识点-Scan3DLibrary\Group\0025.png' successful '16' on index 17 
10-29-2014 22:41:28 | TEXTURE MANAGER : Loading of 'F:\3DScanner\答辩演示\程序-标识点-Scan3DLibrary\Group\0026.png' successful '17' on index 18 
10-29-2014 22:41:28 | TEXTURE MANAGER : Loading of 'F:\3DScanner\答辩演示\程序-标识点-Scan3DLibrary\Group\0027.png' successful '18' on index 19 
10-29-2014 22:41:28 | TEXTURE MANAGER : Loading of 'F:\3DScanner\答辩演示\程序-标识点-Scan3DLibrary\Group\0028.png' successful '19' on index 20 
10-29-2014 22:41:28 | TEXTURE MANAGER : Loading of 'F:\3DScanner\答辩演示\程序-标识点-Scan3DLibrary\Group\0029.png' successful '20' on index 21 
10-29-2014 22:41:28 | TEXTURE MANAGER : Loading of 'F:\3DScanner\答辩演示\程序-标识点-Scan3DLibrary\Group\0030.png' successful '21' on index 22 
10-29-2014 22:41:28 | TEXTURE MANAGER : Loading of 'F:\3DScanner\答辩演示\程序-标识点-Scan3DLibrary\Group\0031.png' successful '22' on index 23 
10-29-2014 22:41:28 | TEXTURE MANAGER : Loading of 'F:\3DScanner\答辩演示\程序-标识点-Scan3DLibrary\Group\0032.png' successful '23' on index 24 
10-29-2014 22:41:28 | TEXTURE MANAGER : Loading of 'F:\3DScanner\答辩演示\程序-标识点-Scan3DLibrary\Group\0033.png' successful '24' on index 25 
10-29-2014 22:41:29 | TEXTURE MANAGER : Loading of 'F:\3DScanner\答辩演示\程序-标识点-Scan3DLibrary\Group\0034.png' successful '25' on index 26 
10-29-2014 22:41:29 | TEXTURE MANAGER : Loading of 'F:\3DScanner\答辩演示\程序-标识点-Scan3DLibrary\Group\0035.png' successful '26' on index 27 
10-29-2014 22:41:29 | TEXTURE MANAGER : Loading of 'F:\3DScanner\答辩演示\程序-标识点-Scan3DLibrary\Group\0036.png' successful '27' on index 28 
10-29-2014 22:41:29 | TEXTURE MANAGER : Loading of 'F:\3DScanner\答辩演示\程序-标识点-Scan3DLibrary\Group\0037.png' successful '28' on index 29 
10-29-2014 22:41:29 | TEXTURE MANAGER : Loading of 'F:\3DScanner\答辩演示\程序-标识点-Scan3DLibrary\Group\0038.png' successful '29' on index 30 
10-29-2014 22:41:29 | TEXTURE MANAGER : Loading of 'F:\3DScanner\答辩演示\程序-标识点-Scan3DLibrary\Group\0039.png' successful '30' on index 31 
10-29-2014 22:41:29 | TEXTURE MANAGER : Loading of 'F:\3DScanner\答辩演示\程序-标识点-Scan3DLibrary\Group\0040.png' successful '31' on index 32 
10-29-2014 22:41:30 | TEXTURE MANAGER : Loading of 'F:\3DScanner\答辩演示\程序-标识点-Scan3DLibrary\Group\0041.png' successful '32' on index 33 
10-29-2014 22:41:30 | TEXTURE MANAGER : Loading of 'F:\3DScanner\答辩演示\程序-标识点-Scan3DLibrary\Group\0042.png' successful '33' on index 34 
10-29-2014 22:41:30 | TEXTURE MANAGER : Loading of 'F:\3DScanner\答辩演示\程序-标识点-Scan3DLibrary\Group\0043.png' successful '34' on index 35 
10-29-2014 22:41:30 | TEXTURE MANAGER : Loading of 'F:\3DScanner\答辩演示\程序-标识点-Scan3DLibrary\Group\0044.png' successful '35' on index 36 
10-29-2014 22:41:30 | TEXTURE MANAGER : Loading of 'F:\3DScanner\答辩演示\程序-标识点-Scan3DLibrary\Group\0045.png' successful '36' on index 37 
10-29-2014 22:41:30 | TEXTURE MANAGER : Loading of 'F:\3DScanner\答辩演示\程序-标识点-Scan3DLibrary\Group\0046.png' successful '37' on index 38 
10-29-2014 22:41:30 | TEXTURE MANAGER : Loading of 'F:\3DScanner\答辩演示\程序-标识点-Scan3DLibrary\Group\0047.png' successful '38' on index 39 
10-29-2014 22:41:30 | TEXTURE MANAGER : Loading of 'F:\3DScanner\答辩演示\程序-标识点-Scan3DLibrary\Group\0048.png' successful '39' on index 40 
10-29-2014 22:41:31 | TEXTURE MANAGER : Loading of 'F:\3DScanner\答辩演示\程序-标识点-Scan3DLibrary\Group\0049.png' successful '40' on index 41 
10-29-2014 22:41:31 | TEXTURE MANAGER : Loading of 'F:\3DScanner\答辩演示\程序-标识点-Scan3DLibrary\Group\0050.png' successful '41' on index 42 
10-29-2014 22:41:31 | TEXTURE MANAGER : Loading of 'F:\3DScanner\答辩演示\程序-标识点-Scan3DLibrary\Group\0051.png' successful '42' on index 43 
10-29-2014 22:41:31 | TEXTURE MANAGER : Loading of 'F:\3DScanner\答辩演示\程序-标识点-Scan3DLibrary\Group\0052.png' successful '43' on index 44 
10-29-2014 22:41:31 | TEXTURE MANAGER : Loading of 'F:\3DScanner\答辩演示\程序-标识点-Scan3DLibrary\Group\0053.png' successful '44' on index 45 
10-29-2014 22:41:31 | TEXTURE MANAGER : Loading of 'F:\3DScanner\答辩演示\程序-标识点-Scan3DLibrary\Group\0054.png' successful '45' on index 46 
10-29-2014 22:41:32 | TEXTURE MANAGER : Loading of 'F:\3DScanner\答辩演示\程序-标识点-Scan3DLibrary\Group\0055.png' successful '46' on index 47 
10-29-2014 22:41:32 | TEXTURE MANAGER : Loading of 'F:\3DScanner\答辩演示\程序-标识点-Scan3DLibrary\Group\0056.png' successful '47' on index 48 
10-29-2014 22:41:32 | TEXTURE MANAGER : Loading of 'F:\3DScanner\答辩演示\程序-标识点-Scan3DLibrary\Group\0057.png' successful '48' on index 49 
10-29-2014 22:41:32 | TEXTURE MANAGER : Loading of 'F:\3DScanner\答辩演示\程序-标识点-Scan3DLibrary\Group\0058.png' successful '49' on index 50 
10-29-2014 22:41:32 | TEXTURE MANAGER : Loading of 'F:\3DScanner\答辩演示\程序-标识点-Scan3DLibrary\Group\0059.png' successful '50' on index 51 
10-29-2014 22:41:32 | TEXTURE MANAGER : Loading of 'F:\3DScanner\答辩演示\程序-标识点-Scan3DLibrary\Group\0060.png' successful '51' on index 52 
10-29-2014 22:41:32 | TEXTURE MANAGER : Loading of 'F:\3DScanner\答辩演示\程序-标识点-Scan3DLibrary\Group\0061.png' successful '52' on index 53 
10-29-2014 22:41:33 | TEXTURE MANAGER : Loading of 'F:\3DScanner\答辩演示\程序-标识点-Scan3DLibrary\Group\0062.png' successful '53' on index 54 
10-29-2014 22:41:33 | TEXTURE MANAGER : Loading of 'F:\3DScanner\答辩演示\程序-标识点-Scan3DLibrary\Group\0063.png' successful '54' on index 55 
10-29-2014 22:41:33 | TEXTURE MANAGER : Loading of 'F:\3DScanner\答辩演示\程序-标识点-Scan3DLibrary\Group\0064.png' successful '55' on index 56 
10-29-2014 22:41:33 | TEXTURE MANAGER : Loading of 'F:\3DScanner\答辩演示\程序-标识点-Scan3DLibrary\Group\0065.png' successful '56' on index 57 
10-29-2014 22:41:33 | TEXTURE MANAGER : Loading of 'F:\3DScanner\答辩演示\程序-标识点-Scan3DLibrary\Group\0066.png' successful '57' on index 58 
10-29-2014 22:41:33 | TEXTURE MANAGER : Loading of 'F:\3DScanner\答辩演示\程序-标识点-Scan3DLibrary\Group\0067.png' successful '58' on index 59 
10-29-2014 22:41:33 | TEXTURE MANAGER : Loading of 'F:\3DScanner\答辩演示\程序-标识点-Scan3DLibrary\Group\0068.png' successful '59' on index 60 
10-29-2014 22:41:34 | TEXTURE MANAGER : Loading of 'F:\3DScanner\答辩演示\程序-标识点-Scan3DLibrary\Group\0069.png' successful '60' on index 61 
10-29-2014 22:41:34 | TEXTURE MANAGER : Loading of 'F:\3DScanner\答辩演示\程序-标识点-Scan3DLibrary\Group\0070.png' successful '61' on index 62 
10-29-2014 22:41:34 | TEXTURE MANAGER : Loading of 'F:\3DScanner\答辩演示\程序-标识点-Scan3DLibrary\Group\0071.png' successful '62' on index 63 
10-29-2014 22:41:34 | TEXTURE MANAGER : Loading of 'F:\3DScanner\答辩演示\程序-标识点-Scan3DLibrary\Group\0072.png' successful '63' on index 64 
10-29-2014 22:41:34 | TEXTURE MANAGER : Loading of 'F:\3DScanner\答辩演示\程序-标识点-Scan3DLibrary\Group\0073.png' successful '64' on index 65 
10-29-2014 22:41:34 | TEXTURE MANAGER : Loading of 'F:\3DScanner\答辩演示\程序-标识点-Scan3DLibrary\Group\0074.png' successful '65' on index 66 
10-29-2014 22:41:34 | TEXTURE MANAGER : Loading of 'F:\3DScanner\答辩演示\程序-标识点-Scan3DLibrary\Group\0075.png' successful '66' on index 67 
10-29-2014 22:41:34 | TEXTURE MANAGER : Loading of 'F:\3DScanner\答辩演示\程序-标识点-Scan3DLibrary\Group\0076.png' successful '67' on index 68 
10-29-2014 22:41:35 | TEXTURE MANAGER : Loading of 'F:\3DScanner\答辩演示\程序-标识点-Scan3DLibrary\Group\0077.png' successful '68' on index 69 
10-29-2014 22:41:35 | TEXTURE MANAGER : Loading of 'F:\3DScanner\答辩演示\程序-标识点-Scan3DLibrary\Group\0078.png' successful '69' on index 70 
10-29-2014 22:41:35 | TEXTURE MANAGER : Loading of 'F:\3DScanner\答辩演示\程序-标识点-Scan3DLibrary\Group\0079.png' successful '70' on index 71 
10-29-2014 22:41:35 | TEXTURE MANAGER : Loading of 'F:\3DScanner\答辩演示\程序-标识点-Scan3DLibrary\Group\0080.png' successful '71' on index 72 
10-29-2014 22:41:35 | TEXTURE MANAGER : Loading of 'F:\3DScanner\答辩演示\程序-标识点-Scan3DLibrary\Group\0081.png' successful '72' on index 73 
10-29-2014 22:41:35 | TEXTURE MANAGER : Loading of 'F:\3DScanner\答辩演示\程序-标识点-Scan3DLibrary\Group\0082.png' successful '73' on index 74 
10-29-2014 22:41:35 | TEXTURE MANAGER : Loading of 'F:\3DScanner\答辩演示\程序-标识点-Scan3DLibrary\Group\0083.png' successful '74' on index 75 
10-29-2014 22:41:35 | TEXTURE MANAGER : Loading of 'F:\3DScanner\答辩演示\程序-标识点-Scan3DLibrary\Group\0084.png' successful '75' on index 76 
10-29-2014 22:41:36 | TEXTURE MANAGER : Loading of 'F:\3DScanner\答辩演示\程序-标识点-Scan3DLibrary\Group\0085.png' successful '76' on index 77 
10-29-2014 22:41:36 | TEXTURE MANAGER : Loading of 'F:\3DScanner\答辩演示\程序-标识点-Scan3DLibrary\Group\0086.png' successful '77' on index 78 
10-29-2014 22:41:36 | TEXTURE MANAGER : Loading of 'F:\3DScanner\答辩演示\程序-标识点-Scan3DLibrary\Group\0087.png' successful '78' on index 79 
10-29-2014 22:41:36 | TEXTURE MANAGER : Loading of 'F:\3DScanner\答辩演示\程序-标识点-Scan3DLibrary\Group\0088.png' successful '79' on index 80 
10-29-2014 22:41:36 | TEXTURE MANAGER : Loading of 'F:\3DScanner\答辩演示\程序-标识点-Scan3DLibrary\Group\0089.png' successful '80' on index 81 
10-29-2014 22:41:36 | TEXTURE MANAGER : Loading of 'F:\3DScanner\答辩演示\程序-标识点-Scan3DLibrary\Group\0090.png' successful '81' on index 82 
10-29-2014 22:41:36 | TEXTURE MANAGER : Loading of 'F:\3DScanner\答辩演示\程序-标识点-Scan3DLibrary\Group\0091.png' successful '82' on index 83 
10-29-2014 22:41:37 | TEXTURE MANAGER : Loading of 'F:\3DScanner\答辩演示\程序-标识点-Scan3DLibrary\Group\0092.png' successful '83' on index 84 
10-29-2014 22:41:37 | TEXTURE MANAGER : Loading of 'F:\3DScanner\答辩演示\程序-标识点-Scan3DLibrary\Group\0093.png' successful '84' on index 85 
10-29-2014 22:41:37 | TEXTURE MANAGER : Loading of 'F:\3DScanner\答辩演示\程序-标识点-Scan3DLibrary\Group\0094.png' successful '85' on index 86 
10-29-2014 22:41:37 | TEXTURE MANAGER : Loading of 'F:\3DScanner\答辩演示\程序-标识点-Scan3DLibrary\Group\0095.png' successful '86' on index 87 
10-29-2014 22:41:37 | TEXTURE MANAGER : Loading of 'F:\3DScanner\答辩演示\程序-标识点-Scan3DLibrary\Group\0096.png' successful '87' on index 88 
10-29-2014 22:41:37 | TEXTURE MANAGER : Loading of 'F:\3DScanner\答辩演示\程序-标识点-Scan3DLibrary\Group\0097.png' successful '88' on index 89 
10-29-2014 22:41:37 | TEXTURE MANAGER : Loading of 'F:\3DScanner\答辩演示\程序-标识点-Scan3DLibrary\Group\0098.png' successful '89' on index 90 
10-29-2014 22:41:38 | TEXTURE MANAGER : Loading of 'F:\3DScanner\答辩演示\程序-标识点-Scan3DLibrary\Group\0099.png' successful '90' on index 91 
10-29-2014 22:41:38 | MESH MANAGER : WeldVertices : you can not use WeldVertices on an empty mesh or an invalid mesh !
10-29-2014 22:42:04 | START UNLOAD
10-29-2014 22:42:04 | RESOURCE MANAGER : Engine successfully unloaded
11-02-2014 15:40:55 | Continuing debug file on F:\3DScanner\答辩演示\程序-标识点-Scan3DLibrary\Procedure.log
11-02-2014 15:40:55 | ――――――――――――――S T A R T ――――――――――――――
11-02-2014 15:40:55 | TEXTURE MANAGER : Format of alpha texture changed to 21.
11-02-2014 15:40:55 | TEXTURE MANAGER : Format of non-alpha texture changed to 22.
11-02-2014 15:42:09 | START UNLOAD
11-02-2014 15:42:09 | RESOURCE MANAGER : Engine successfully unloaded
11-02-2014 15:43:45 | Continuing debug file on F:\3DScanner\答辩演示\程序-标识点-Scan3DLibrary\Procedure.log
11-02-2014 15:43:45 | ――――――――――――――S T A R T ――――――――――――――
11-02-2014 15:43:45 | TEXTURE MANAGER : Format of alpha texture changed to 21.
11-02-2014 15:43:45 | TEXTURE MANAGER : Format of non-alpha texture changed to 22.
11-02-2014 15:43:47 | TEXTURE MANAGER : Loading of 'F:\3DScanner\答辩演示\程序-标识点-Scan3DLibrary\Group\0010.png' successful '1' on index 2 
11-02-2014 15:43:47 | TEXTURE MANAGER : Loading of 'F:\3DScanner\答辩演示\程序-标识点-Scan3DLibrary\Group\0011.png' successful '2' on index 3 
11-02-2014 15:43:48 | TEXTURE MANAGER : Loading of 'F:\3DScanner\答辩演示\程序-标识点-Scan3DLibrary\Group\0012.png' successful '3' on index 4 
11-02-2014 15:43:48 | TEXTURE MANAGER : Loading of 'F:\3DScanner\答辩演示\程序-标识点-Scan3DLibrary\Group\0013.png' successful '4' on index 5 
11-02-2014 15:43:48 | TEXTURE MANAGER : Loading of 'F:\3DScanner\答辩演示\程序-标识点-Scan3DLibrary\Group\0014.png' successful '5' on index 6 
11-02-2014 15:43:48 | TEXTURE MANAGER : Loading of 'F:\3DScanner\答辩演示\程序-标识点-Scan3DLibrary\Group\0015.png' successful '6' on index 7 
11-02-2014 15:43:48 | TEXTURE MANAGER : Loading of 'F:\3DScanner\答辩演示\程序-标识点-Scan3DLibrary\Group\0016.png' successful '7' on index 8 
11-02-2014 15:43:48 | TEXTURE MANAGER : Loading of 'F:\3DScanner\答辩演示\程序-标识点-Scan3DLibrary\Group\0017.png' successful '8' on index 9 
11-02-2014 15:43:48 | TEXTURE MANAGER : Loading of 'F:\3DScanner\答辩演示\程序-标识点-Scan3DLibrary\Group\0018.png' successful '9' on index 10 
11-02-2014 15:43:48 | TEXTURE MANAGER : Loading of 'F:\3DScanner\答辩演示\程序-标识点-Scan3DLibrary\Group\0019.png' successful '10' on index 11 
11-02-2014 15:43:49 | TEXTURE MANAGER : Loading of 'F:\3DScanner\答辩演示\程序-标识点-Scan3DLibrary\Group\0020.png' successful '11' on index 12 
11-02-2014 15:43:49 | TEXTURE MANAGER : Loading of 'F:\3DScanner\答辩演示\程序-标识点-Scan3DLibrary\Group\0021.png' successful '12' on index 13 
11-02-2014 15:43:49 | TEXTURE MANAGER : Loading of 'F:\3DScanner\答辩演示\程序-标识点-Scan3DLibrary\Group\0022.png' successful '13' on index 14 
11-02-2014 15:43:49 | TEXTURE MANAGER : Loading of 'F:\3DScanner\答辩演示\程序-标识点-Scan3DLibrary\Group\0023.png' successful '14' on index 15 
11-02-2014 15:43:49 | TEXTURE MANAGER : Loading of 'F:\3DScanner\答辩演示\程序-标识点-Scan3DLibrary\Group\0024.png' successful '15' on index 16 
11-02-2014 15:43:49 | TEXTURE MANAGER : Loading of 'F:\3DScanner\答辩演示\程序-标识点-Scan3DLibrary\Group\0025.png' successful '16' on index 17 
11-02-2014 15:43:49 | TEXTURE MANAGER : Loading of 'F:\3DScanner\答辩演示\程序-标识点-Scan3DLibrary\Group\0026.png' successful '17' on index 18 
11-02-2014 15:43:49 | TEXTURE MANAGER : Loading of 'F:\3DScanner\答辩演示\程序-标识点-Scan3DLibrary\Group\0027.png' successful '18' on index 19 
11-02-2014 15:43:49 | TEXTURE MANAGER : Loading of 'F:\3DScanner\答辩演示\程序-标识点-Scan3DLibrary\Group\0028.png' successful '19' on index 20 
11-02-2014 15:43:50 | TEXTURE MANAGER : Loading of 'F:\3DScanner\答辩演示\程序-标识点-Scan3DLibrary\Group\0029.png' successful '20' on index 21 
11-02-2014 15:43:50 | TEXTURE MANAGER : Loading of 'F:\3DScanner\答辩演示\程序-标识点-Scan3DLibrary\Group\0030.png' successful '21' on index 22 
11-02-2014 15:43:50 | TEXTURE MANAGER : Loading of 'F:\3DScanner\答辩演示\程序-标识点-Scan3DLibrary\Group\0031.png' successful '22' on index 23 
11-02-2014 15:43:50 | TEXTURE MANAGER : Loading of 'F:\3DScanner\答辩演示\程序-标识点-Scan3DLibrary\Group\0032.png' successful '23' on index 24 
11-02-2014 15:43:50 | TEXTURE MANAGER : Loading of 'F:\3DScanner\答辩演示\程序-标识点-Scan3DLibrary\Group\0033.png' successful '24' on index 25 
11-02-2014 15:43:50 | TEXTURE MANAGER : Loading of 'F:\3DScanner\答辩演示\程序-标识点-Scan3DLibrary\Group\0034.png' successful '25' on index 26 
11-02-2014 15:43:50 | TEXTURE MANAGER : Loading of 'F:\3DScanner\答辩演示\程序-标识点-Scan3DLibrary\Group\0035.png' successful '26' on index 27 
11-02-2014 15:43:50 | TEXTURE MANAGER : Loading of 'F:\3DScanner\答辩演示\程序-标识点-Scan3DLibrary\Group\0036.png' successful '27' on index 28 
11-02-2014 15:43:51 | TEXTURE MANAGER : Loading of 'F:\3DScanner\答辩演示\程序-标识点-Scan3DLibrary\Group\0037.png' successful '28' on index 29 
11-02-2014 15:43:51 | TEXTURE MANAGER : Loading of 'F:\3DScanner\答辩演示\程序-标识点-Scan3DLibrary\Group\0038.png' successful '29' on index 30 
11-02-2014 15:43:51 | TEXTURE MANAGER : Loading of 'F:\3DScanner\答辩演示\程序-标识点-Scan3DLibrary\Group\0039.png' successful '30' on index 31 
11-02-2014 15:43:51 | TEXTURE MANAGER : Loading of 'F:\3DScanner\答辩演示\程序-标识点-Scan3DLibrary\Group\0040.png' successful '31' on index 32 
11-02-2014 15:43:51 | TEXTURE MANAGER : Loading of 'F:\3DScanner\答辩演示\程序-标识点-Scan3DLibrary\Group\0041.png' successful '32' on index 33 
11-02-2014 15:43:51 | TEXTURE MANAGER : Loading of 'F:\3DScanner\答辩演示\程序-标识点-Scan3DLibrary\Group\0042.png' successful '33' on index 34 
11-02-2014 15:43:51 | TEXTURE MANAGER : Loading of 'F:\3DScanner\答辩演示\程序-标识点-Scan3DLibrary\Group\0043.png' successful '34' on index 35 
11-02-2014 15:43:51 | TEXTURE MANAGER : Loading of 'F:\3DScanner\答辩演示\程序-标识点-Scan3DLibrary\Group\0044.png' successful '35' on index 36 
11-02-2014 15:43:51 | TEXTURE MANAGER : Loading of 'F:\3DScanner\答辩演示\程序-标识点-Scan3DLibrary\Group\0045.png' successful '36' on index 37 
11-02-2014 15:43:52 | TEXTURE MANAGER : Loading of 'F:\3DScanner\答辩演示\程序-标识点-Scan3DLibrary\Group\0046.png' successful '37' on index 38 
11-02-2014 15:43:52 | TEXTURE MANAGER : Loading of 'F:\3DScanner\答辩演示\程序-标识点-Scan3DLibrary\Group\0047.png' successful '38' on index 39 
11-02-2014 15:43:52 | TEXTURE MANAGER : Loading of 'F:\3DScanner\答辩演示\程序-标识点-Scan3DLibrary\Group\0048.png' successful '39' on index 40 
11-02-2014 15:43:52 | TEXTURE MANAGER : Loading of 'F:\3DScanner\答辩演示\程序-标识点-Scan3DLibrary\Group\0049.png' successful '40' on index 41 
11-02-2014 15:43:52 | TEXTURE MANAGER : Loading of 'F:\3DScanner\答辩演示\程序-标识点-Scan3DLibrary\Group\0050.png' successful '41' on index 42 
11-02-2014 15:43:52 | TEXTURE MANAGER : Loading of 'F:\3DScanner\答辩演示\程序-标识点-Scan3DLibrary\Group\0051.png' successful '42' on index 43 
11-02-2014 15:43:52 | TEXTURE MANAGER : Loading of 'F:\3DScanner\答辩演示\程序-标识点-Scan3DLibrary\Group\0052.png' successful '43' on index 44 
11-02-2014 15:43:52 | TEXTURE MANAGER : Loading of 'F:\3DScanner\答辩演示\程序-标识点-Scan3DLibrary\Group\0053.png' successful '44' on index 45 
11-02-2014 15:43:52 | TEXTURE MANAGER : Loading of 'F:\3DScanner\答辩演示\程序-标识点-Scan3DLibrary\Group\0054.png' successful '45' on index 46 
11-02-2014 15:43:53 | TEXTURE MANAGER : Loading of 'F:\3DScanner\答辩演示\程序-标识点-Scan3DLibrary\Group\0055.png' successful '46' on index 47 
11-02-2014 15:43:53 | TEXTURE MANAGER : Loading of 'F:\3DScanner\答辩演示\程序-标识点-Scan3DLibrary\Group\0056.png' successful '47' on index 48 
11-02-2014 15:43:53 | TEXTURE MANAGER : Loading of 'F:\3DScanner\答辩演示\程序-标识点-Scan3DLibrary\Group\0057.png' successful '48' on index 49 
11-02-2014 15:43:53 | TEXTURE MANAGER : Loading of 'F:\3DScanner\答辩演示\程序-标识点-Scan3DLibrary\Group\0058.png' successful '49' on index 50 
11-02-2014 15:43:53 | TEXTURE MANAGER : Loading of 'F:\3DScanner\答辩演示\程序-标识点-Scan3DLibrary\Group\0059.png' successful '50' on index 51 
11-02-2014 15:43:53 | TEXTURE MANAGER : Loading of 'F:\3DScanner\答辩演示\程序-标识点-Scan3DLibrary\Group\0060.png' successful '51' on index 52 
11-02-2014 15:43:53 | TEXTURE MANAGER : Loading of 'F:\3DScanner\答辩演示\程序-标识点-Scan3DLibrary\Group\0061.png' successful '52' on index 53 
11-02-2014 15:43:53 | TEXTURE MANAGER : Loading of 'F:\3DScanner\答辩演示\程序-标识点-Scan3DLibrary\Group\0062.png' successful '53' on index 54 
11-02-2014 15:43:54 | TEXTURE MANAGER : Loading of 'F:\3DScanner\答辩演示\程序-标识点-Scan3DLibrary\Group\0063.png' successful '54' on index 55 
11-02-2014 15:43:54 | TEXTURE MANAGER : Loading of 'F:\3DScanner\答辩演示\程序-标识点-Scan3DLibrary\Group\0064.png' successful '55' on index 56 
11-02-2014 15:43:54 | TEXTURE MANAGER : Loading of 'F:\3DScanner\答辩演示\程序-标识点-Scan3DLibrary\Group\0065.png' successful '56' on index 57 
11-02-2014 15:43:54 | TEXTURE MANAGER : Loading of 'F:\3DScanner\答辩演示\程序-标识点-Scan3DLibrary\Group\0066.png' successful '57' on index 58 
11-02-2014 15:43:54 | TEXTURE MANAGER : Loading of 'F:\3DScanner\答辩演示\程序-标识点-Scan3DLibrary\Group\0067.png' successful '58' on index 59 
11-02-2014 15:43:54 | TEXTURE MANAGER : Loading of 'F:\3DScanner\答辩演示\程序-标识点-Scan3DLibrary\Group\0068.png' successful '59' on index 60 
11-02-2014 15:43:54 | TEXTURE MANAGER : Loading of 'F:\3DScanner\答辩演示\程序-标识点-Scan3DLibrary\Group\0069.png' successful '60' on index 61 
11-02-2014 15:43:54 | TEXTURE MANAGER : Loading of 'F:\3DScanner\答辩演示\程序-标识点-Scan3DLibrary\Group\0070.png' successful '61' on index 62 
11-02-2014 15:43:54 | TEXTURE MANAGER : Loading of 'F:\3DScanner\答辩演示\程序-标识点-Scan3DLibrary\Group\0071.png' successful '62' on index 63 
11-02-2014 15:43:55 | TEXTURE MANAGER : Loading of 'F:\3DScanner\答辩演示\程序-标识点-Scan3DLibrary\Group\0072.png' successful '63' on index 64 
11-02-2014 15:43:55 | TEXTURE MANAGER : Loading of 'F:\3DScanner\答辩演示\程序-标识点-Scan3DLibrary\Group\0073.png' successful '64' on index 65 
11-02-2014 15:43:55 | TEXTURE MANAGER : Loading of 'F:\3DScanner\答辩演示\程序-标识点-Scan3DLibrary\Group\0074.png' successful '65' on index 66 
11-02-2014 15:43:55 | TEXTURE MANAGER : Loading of 'F:\3DScanner\答辩演示\程序-标识点-Scan3DLibrary\Group\0075.png' successful '66' on index 67 
11-02-2014 15:43:55 | TEXTURE MANAGER : Loading of 'F:\3DScanner\答辩演示\程序-标识点-Scan3DLibrary\Group\0076.png' successful '67' on index 68 
11-02-2014 15:43:55 | TEXTURE MANAGER : Loading of 'F:\3DScanner\答辩演示\程序-标识点-Scan3DLibrary\Group\0077.png' successful '68' on index 69 
11-02-2014 15:43:55 | TEXTURE MANAGER : Loading of 'F:\3DScanner\答辩演示\程序-标识点-Scan3DLibrary\Group\0078.png' successful '69' on index 70 
11-02-2014 15:43:55 | TEXTURE MANAGER : Loading of 'F:\3DScanner\答辩演示\程序-标识点-Scan3DLibrary\Group\0079.png' successful '70' on index 71 
11-02-2014 15:43:56 | TEXTURE MANAGER : Loading of 'F:\3DScanner\答辩演示\程序-标识点-Scan3DLibrary\Group\0080.png' successful '71' on index 72 
11-02-2014 15:43:56 | TEXTURE MANAGER : Loading of 'F:\3DScanner\答辩演示\程序-标识点-Scan3DLibrary\Group\0081.png' successful '72' on index 73 
11-02-2014 15:43:56 | TEXTURE MANAGER : Loading of 'F:\3DScanner\答辩演示\程序-标识点-Scan3DLibrary\Group\0082.png' successful '73' on index 74 
11-02-2014 15:43:56 | TEXTURE MANAGER : Loading of 'F:\3DScanner\答辩演示\程序-标识点-Scan3DLibrary\Group\0083.png' successful '74' on index 75 
11-02-2014 15:43:56 | TEXTURE MANAGER : Loading of 'F:\3DScanner\答辩演示\程序-标识点-Scan3DLibrary\Group\0084.png' successful '75' on index 76 
11-02-2014 15:43:56 | TEXTURE MANAGER : Loading of 'F:\3DScanner\答辩演示\程序-标识点-Scan3DLibrary\Group\0085.png' successful '76' on index 77 
11-02-2014 15:43:56 | TEXTURE MANAGER : Loading of 'F:\3DScanner\答辩演示\程序-标识点-Scan3DLibrary\Group\0086.png' successful '77' on index 78 
11-02-2014 15:43:56 | TEXTURE MANAGER : Loading of 'F:\3DScanner\答辩演示\程序-标识点-Scan3DLibrary\Group\0087.png' successful '78' on index 79 
11-02-2014 15:43:56 | TEXTURE MANAGER : Loading of 'F:\3DScanner\答辩演示\程序-标识点-Scan3DLibrary\Group\0088.png' successful '79' on index 80 
11-02-2014 15:43:57 | TEXTURE MANAGER : Loading of 'F:\3DScanner\答辩演示\程序-标识点-Scan3DLibrary\Group\0089.png' successful '80' on index 81 
11-02-2014 15:43:57 | TEXTURE MANAGER : Loading of 'F:\3DScanner\答辩演示\程序-标识点-Scan3DLibrary\Group\0090.png' successful '81' on index 82 
11-02-2014 15:43:57 | TEXTURE MANAGER : Loading of 'F:\3DScanner\答辩演示\程序-标识点-Scan3DLibrary\Group\0091.png' successful '82' on index 83 
11-02-2014 15:43:57 | TEXTURE MANAGER : Loading of 'F:\3DScanner\答辩演示\程序-标识点-Scan3DLibrary\Group\0092.png' successful '83' on index 84 
11-02-2014 15:43:57 | TEXTURE MANAGER : Loading of 'F:\3DScanner\答辩演示\程序-标识点-Scan3DLibrary\Group\0093.png' successful '84' on index 85 
11-02-2014 15:43:57 | TEXTURE MANAGER : Loading of 'F:\3DScanner\答辩演示\程序-标识点-Scan3DLibrary\Group\0094.png' successful '85' on index 86 
11-02-2014 15:43:57 | TEXTURE MANAGER : Loading of 'F:\3DScanner\答辩演示\程序-标识点-Scan3DLibrary\Group\0095.png' successful '86' on index 87 
11-02-2014 15:43:57 | TEXTURE MANAGER : Loading of 'F:\3DScanner\答辩演示\程序-标识点-Scan3DLibrary\Group\0096.png' successful '87' on index 88 
11-02-2014 15:43:57 | TEXTURE MANAGER : Loading of 'F:\3DScanner\答辩演示\程序-标识点-Scan3DLibrary\Group\0097.png' successful '88' on index 89 
11-02-2014 15:43:58 | TEXTURE MANAGER : Loading of 'F:\3DScanner\答辩演示\程序-标识点-Scan3DLibrary\Group\0098.png' successful '89' on index 90 
11-02-2014 15:43:58 | TEXTURE MANAGER : Loading of 'F:\3DScanner\答辩演示\程序-标识点-Scan3DLibrary\Group\0099.png' successful '90' on index 91 
11-02-2014 15:43:58 | MESH MANAGER : WeldVertices : you can not use WeldVertices on an empty mesh or an invalid mesh !
11-02-2014 15:44:05 | START UNLOAD
11-02-2014 15:44:06 | RESOURCE MANAGER : Engine successfully unloaded
